# JRE version: Java(TM) SE Runtime Environment (8.0_11-b12) (build 1.8.0_11-b12)
# Java VM: Java HotSpot(TM) 64-Bit Server VM (25.11-b03 mixed mode bsd-amd64 compressed oops)
Heap:
 PSYoungGen      total 7680K, used 5344K [0x000000076ab00000, 0x000000076b600000, 0x00000007c0000000)
  eden space 5120K, 100% used [0x000000076ab00000,0x000000076b000000,0x000000076b000000)
  from space 2560K, 8% used [0x000000076b000000,0x000000076b038000,0x000000076b280000)
  to   space 2048K, 0% used [0x000000076b400000,0x000000076b400000,0x000000076b600000)
 ParOldGen       total 260608K, used 6945K [0x00000006c0000000, 0x00000006cfe80000, 0x000000076ab00000)
  object space 260608K, 2% used [0x00000006c0000000,0x00000006c06c85c0,0x00000006cfe80000)
 Metaspace       used 16839K, capacity 17200K, committed 17408K, reserved 1064960K
  class space    used 2138K, capacity 2281K, committed 2304K, reserved 1048576K
GC Heap History (10 events):
Event: 51.556 GC heap before
{Heap before GC invocations=19 (full 0):
 PSYoungGen      total 5120K, used 2752K [0x000000076ab00000, 0x000000076b280000, 0x00000007c0000000)
  eden space 2560K, 100% used [0x000000076ab00000,0x000000076ad80000,0x000000076ad80000)
  from space 2560K, 7% used [0x000000076b000000,0x000000076b030000,0x000000076b280000)
  to   space 2560K, 0% used [0x000000076ad80000,0x000000076ad80000,0x000000076b000000)
 ParOldGen       total 260608K, used 6841K [0x00000006c0000000, 0x00000006cfe80000, 0x000000076ab00000)
  object space 260608K, 2% used [0x00000006c0000000,0x00000006c06ae5c0,0x00000006cfe80000)
 Metaspace       used 16797K, capacity 17136K, committed 17408K, reserved 1064960K
  class space    used 2138K, capacity 2281K, committed 2304K, reserved 1048576K
Event: 51.557 GC heap after
Heap after GC invocations=19 (full 0):
 PSYoungGen      total 5120K, used 96K [0x000000076ab00000, 0x000000076b380000, 0x00000007c0000000)
  eden space 2560K, 0% used [0x000000076ab00000,0x000000076ab00000,0x000000076ad80000)
  from space 2560K, 3% used [0x000000076ad80000,0x000000076ad98000,0x000000076b000000)
  to   space 2560K, 0% used [0x000000076b100000,0x000000076b100000,0x000000076b380000)
 ParOldGen       total 260608K, used 6865K [0x00000006c0000000, 0x00000006cfe80000, 0x000000076ab00000)
  object space 260608K, 2% used [0x00000006c0000000,0x00000006c06b45c0,0x00000006cfe80000)
 Metaspace       used 16797K, capacity 17136K, committed 17408K, reserved 1064960K
  class space    used 2138K, capacity 2281K, committed 2304K, reserved 1048576K
}
Event: 51.597 GC heap before
{Heap before GC invocations=20 (full 0):
 PSYoungGen      total 5120K, used 2656K [0x000000076ab00000, 0x000000076b380000, 0x00000007c0000000)
  eden space 2560K, 100% used [0x000000076ab00000,0x000000076ad80000,0x000000076ad80000)
  from space 2560K, 3% used [0x000000076ad80000,0x000000076ad98000,0x000000076b000000)
  to   space 2560K, 0% used [0x000000076b100000,0x000000076b100000,0x000000076b380000)
 ParOldGen       total 260608K, used 6865K [0x00000006c0000000, 0x00000006cfe80000, 0x000000076ab00000)
  object space 260608K, 2% used [0x00000006c0000000,0x00000006c06b45c0,0x00000006cfe80000)
 Metaspace       used 16801K, capacity 17136K, committed 17408K, reserved 1064960K
  class space    used 2138K, capacity 2281K, committed 2304K, reserved 1048576K
Event: 51.599 GC heap after
Heap after GC invocations=20 (full 0):
 PSYoungGen      total 6144K, used 160K [0x000000076ab00000, 0x000000076b380000, 0x00000007c0000000)
  eden space 3584K, 0% used [0x000000076ab00000,0x000000076ab00000,0x000000076ae80000)
  from space 2560K, 6% used [0x000000076b100000,0x000000076b128000,0x000000076b380000)
  to   space 2560K, 0% used [0x000000076ae80000,0x000000076ae80000,0x000000076b100000)
 ParOldGen       total 260608K, used 6889K [0x00000006c0000000, 0x00000006cfe80000, 0x000000076ab00000)
  object space 260608K, 2% used [0x00000006c0000000,0x00000006c06ba5c0,0x00000006cfe80000)
 Metaspace       used 16801K, capacity 17136K, committed 17408K, reserved 1064960K
  class space    used 2138K, capacity 2281K, committed 2304K, reserved 1048576K
}
Event: 51.665 GC heap before
{Heap before GC invocations=21 (full 0):
 PSYoungGen      total 6144K, used 3744K [0x000000076ab00000, 0x000000076b380000, 0x00000007c0000000)
  eden space 3584K, 100% used [0x000000076ab00000,0x000000076ae80000,0x000000076ae80000)
  from space 2560K, 6% used [0x000000076b100000,0x000000076b128000,0x000000076b380000)
  to   space 2560K, 0% used [0x000000076ae80000,0x000000076ae80000,0x000000076b100000)
 ParOldGen       total 260608K, used 6889K [0x00000006c0000000, 0x00000006cfe80000, 0x000000076ab00000)
  object space 260608K, 2% used [0x00000006c0000000,0x00000006c06ba5c0,0x00000006cfe80000)
 Metaspace       used 16810K, capacity 17136K, committed 17408K, reserved 1064960K
  class space    used 2138K, capacity 2281K, committed 2304K, reserved 1048576K
Event: 51.667 GC heap after
Heap after GC invocations=21 (full 0):
 PSYoungGen      total 6144K, used 128K [0x000000076ab00000, 0x000000076b500000, 0x00000007c0000000)
  eden space 3584K, 0% used [0x000000076ab00000,0x000000076ab00000,0x000000076ae80000)
  from space 2560K, 5% used [0x000000076ae80000,0x000000076aea0000,0x000000076b100000)
  to   space 2560K, 0% used [0x000000076b280000,0x000000076b280000,0x000000076b500000)
 ParOldGen       total 260608K, used 6905K [0x00000006c0000000, 0x00000006cfe80000, 0x000000076ab00000)
  object space 260608K, 2% used [0x00000006c0000000,0x00000006c06be5c0,0x00000006cfe80000)
 Metaspace       used 16810K, capacity 17136K, committed 17408K, reserved 1064960K
  class space    used 2138K, capacity 2281K, committed 2304K, reserved 1048576K
}
Event: 51.713 GC heap before
{Heap before GC invocations=22 (full 0):
 PSYoungGen      total 6144K, used 3712K [0x000000076ab00000, 0x000000076b500000, 0x00000007c0000000)
  eden space 3584K, 100% used [0x000000076ab00000,0x000000076ae80000,0x000000076ae80000)
  from space 2560K, 5% used [0x000000076ae80000,0x000000076aea0000,0x000000076b100000)
  to   space 2560K, 0% used [0x000000076b280000,0x000000076b280000,0x000000076b500000)
 ParOldGen       total 260608K, used 6905K [0x00000006c0000000, 0x00000006cfe80000, 0x000000076ab00000)
  object space 260608K, 2% used [0x00000006c0000000,0x00000006c06be5c0,0x00000006cfe80000)
 Metaspace       used 16815K, capacity 17136K, committed 17408K, reserved 1064960K
  class space    used 2138K, capacity 2281K, committed 2304K, reserved 1048576K
Event: 51.714 GC heap after
Heap after GC invocations=22 (full 0):
 PSYoungGen      total 7680K, used 128K [0x000000076ab00000, 0x000000076b500000, 0x00000007c0000000)
  eden space 5120K, 0% used [0x000000076ab00000,0x000000076ab00000,0x000000076b000000)
  from space 2560K, 5% used [0x000000076b280000,0x000000076b2a0000,0x000000076b500000)
  to   space 2560K, 0% used [0x000000076b000000,0x000000076b000000,0x000000076b280000)
 ParOldGen       total 260608K, used 6929K [0x00000006c0000000, 0x00000006cfe80000, 0x000000076ab00000)
  object space 260608K, 2% used [0x00000006c0000000,0x00000006c06c45c0,0x00000006cfe80000)
 Metaspace       used 16815K, capacity 17136K, committed 17408K, reserved 1064960K
  class space    used 2138K, capacity 2281K, committed 2304K, reserved 1048576K
}
Event: 51.779 GC heap before
{Heap before GC invocations=23 (full 0):
 PSYoungGen      total 7680K, used 5248K [0x000000076ab00000, 0x000000076b500000, 0x00000007c0000000)
  eden space 5120K, 100% used [0x000000076ab00000,0x000000076b000000,0x000000076b000000)
  from space 2560K, 5% used [0x000000076b280000,0x000000076b2a0000,0x000000076b500000)
  to   space 2560K, 0% used [0x000000076b000000,0x000000076b000000,0x000000076b280000)
 ParOldGen       total 260608K, used 6929K [0x00000006c0000000, 0x00000006cfe80000, 0x000000076ab00000)
  object space 260608K, 2% used [0x00000006c0000000,0x00000006c06c45c0,0x00000006cfe80000)
 Metaspace       used 16834K, capacity 17136K, committed 17408K, reserved 1064960K
  class space    used 2138K, capacity 2281K, committed 2304K, reserved 1048576K
Event: 51.780 GC heap after
Heap after GC invocations=23 (full 0):
 PSYoungGen      total 7680K, used 224K [0x000000076ab00000, 0x000000076b600000, 0x00000007c0000000)
  eden space 5120K, 0% used [0x000000076ab00000,0x000000076ab00000,0x000000076b000000)
  from space 2560K, 8% used [0x000000076b000000,0x000000076b038000,0x000000076b280000)
  to   space 2048K, 0% used [0x000000076b400000,0x000000076b400000,0x000000076b600000)
 ParOldGen       total 260608K, used 6945K [0x00000006c0000000, 0x00000006cfe80000, 0x000000076ab00000)
  object space 260608K, 2% used [0x00000006c0000000,0x00000006c06c85c0,0x00000006cfe80000)
 Metaspace       used 16834K, capacity 17136K, committed 17408K, reserved 1064960K
  class space    used 2138K, capacity 2281K, committed 2304K, reserved 1048576K
}

