# JRE version: Java(TM) SE Runtime Environment (8.0_11-b12) (build 1.8.0_11-b12)
# Java VM: Java HotSpot(TM) 64-Bit Server VM (25.11-b03 mixed mode bsd-amd64 compressed oops)
Heap:
 PSYoungGen      total 11264K, used 3776K [0x000000076ab00000, 0x000000076b700000, 0x00000007c0000000)
  eden space 10240K, 35% used [0x000000076ab00000,0x000000076ae90298,0x000000076b500000)
  from space 1024K, 12% used [0x000000076b600000,0x000000076b620000,0x000000076b700000)
  to   space 1024K, 0% used [0x000000076b500000,0x000000076b500000,0x000000076b600000)
 ParOldGen       total 260608K, used 7514K [0x00000006c0000000, 0x00000006cfe80000, 0x000000076ab00000)
  object space 260608K, 2% used [0x00000006c0000000,0x00000006c0756af0,0x00000006cfe80000)
 Metaspace       used 16140K, capacity 16450K, committed 16640K, reserved 1062912K
  class space    used 2086K, capacity 2204K, committed 2304K, reserved 1048576K
GC Heap History (10 events):
Event: 11.853 GC heap before
{Heap before GC invocations=40 (full 0):
 PSYoungGen      total 11264K, used 10528K [0x000000076ab00000, 0x000000076b700000, 0x00000007c0000000)
  eden space 10240K, 100% used [0x000000076ab00000,0x000000076b500000,0x000000076b500000)
  from space 1024K, 28% used [0x000000076b500000,0x000000076b548000,0x000000076b600000)
  to   space 1024K, 0% used [0x000000076b600000,0x000000076b600000,0x000000076b700000)
 ParOldGen       total 260608K, used 5774K [0x00000006c0000000, 0x00000006cfe80000, 0x000000076ab00000)
  object space 260608K, 2% used [0x00000006c0000000,0x00000006c05a3b60,0x00000006cfe80000)
 Metaspace       used 15556K, capacity 15844K, committed 16000K, reserved 1062912K
  class space    used 1991K, capacity 2053K, committed 2176K, reserved 1048576K
Event: 11.853 GC heap after
Heap after GC invocations=40 (full 0):
 PSYoungGen      total 11264K, used 256K [0x000000076ab00000, 0x000000076b700000, 0x00000007c0000000)
  eden space 10240K, 0% used [0x000000076ab00000,0x000000076ab00000,0x000000076b500000)
  from space 1024K, 25% used [0x000000076b600000,0x000000076b640000,0x000000076b700000)
  to   space 1024K, 0% used [0x000000076b500000,0x000000076b500000,0x000000076b600000)
 ParOldGen       total 260608K, used 5862K [0x00000006c0000000, 0x00000006cfe80000, 0x000000076ab00000)
  object space 260608K, 2% used [0x00000006c0000000,0x00000006c05b9b60,0x00000006cfe80000)
 Metaspace       used 15556K, capacity 15844K, committed 16000K, reserved 1062912K
  class space    used 1991K, capacity 2053K, committed 2176K, reserved 1048576K
}
Event: 11.996 GC heap before
{Heap before GC invocations=41 (full 0):
 PSYoungGen      total 11264K, used 10493K [0x000000076ab00000, 0x000000076b700000, 0x00000007c0000000)
  eden space 10240K, 99% used [0x000000076ab00000,0x000000076b4ff6e8,0x000000076b500000)
  from space 1024K, 25% used [0x000000076b600000,0x000000076b640000,0x000000076b700000)
  to   space 1024K, 0% used [0x000000076b500000,0x000000076b500000,0x000000076b600000)
 ParOldGen       total 260608K, used 5862K [0x00000006c0000000, 0x00000006cfe80000, 0x000000076ab00000)
  object space 260608K, 2% used [0x00000006c0000000,0x00000006c05b9b60,0x00000006cfe80000)
 Metaspace       used 15690K, capacity 16004K, committed 16256K, reserved 1062912K
  class space    used 2007K, capacity 2085K, committed 2176K, reserved 1048576K
Event: 11.997 GC heap after
Heap after GC invocations=41 (full 0):
 PSYoungGen      total 11264K, used 256K [0x000000076ab00000, 0x000000076b700000, 0x00000007c0000000)
  eden space 10240K, 0% used [0x000000076ab00000,0x000000076ab00000,0x000000076b500000)
  from space 1024K, 25% used [0x000000076b500000,0x000000076b540000,0x000000076b600000)
  to   space 1024K, 0% used [0x000000076b600000,0x000000076b600000,0x000000076b700000)
 ParOldGen       total 260608K, used 5902K [0x00000006c0000000, 0x00000006cfe80000, 0x000000076ab00000)
  object space 260608K, 2% used [0x00000006c0000000,0x00000006c05c3b60,0x00000006cfe80000)
 Metaspace       used 15690K, capacity 16004K, committed 16256K, reserved 1062912K
  class space    used 2007K, capacity 2085K, committed 2176K, reserved 1048576K
}
Event: 12.142 GC heap before
{Heap before GC invocations=42 (full 0):
 PSYoungGen      total 11264K, used 10496K [0x000000076ab00000, 0x000000076b700000, 0x00000007c0000000)
  eden space 10240K, 100% used [0x000000076ab00000,0x000000076b500000,0x000000076b500000)
  from space 1024K, 25% used [0x000000076b500000,0x000000076b540000,0x000000076b600000)
  to   space 1024K, 0% used [0x000000076b600000,0x000000076b600000,0x000000076b700000)
 ParOldGen       total 260608K, used 5902K [0x00000006c0000000, 0x00000006cfe80000, 0x000000076ab00000)
  object space 260608K, 2% used [0x00000006c0000000,0x00000006c05c3b60,0x00000006cfe80000)
 Metaspace       used 15714K, capacity 16016K, committed 16256K, reserved 1062912K
  class space    used 2009K, capacity 2087K, committed 2176K, reserved 1048576K
Event: 12.143 GC heap after
Heap after GC invocations=42 (full 0):
 PSYoungGen      total 11264K, used 288K [0x000000076ab00000, 0x000000076b700000, 0x00000007c0000000)
  eden space 10240K, 0% used [0x000000076ab00000,0x000000076ab00000,0x000000076b500000)
  from space 1024K, 28% used [0x000000076b600000,0x000000076b648000,0x000000076b700000)
  to   space 1024K, 0% used [0x000000076b500000,0x000000076b500000,0x000000076b600000)
 ParOldGen       total 260608K, used 5990K [0x00000006c0000000, 0x00000006cfe80000, 0x000000076ab00000)
  object space 260608K, 2% used [0x00000006c0000000,0x00000006c05d9b60,0x00000006cfe80000)
 Metaspace       used 15714K, capacity 16016K, committed 16256K, reserved 1062912K
  class space    used 2009K, capacity 2087K, committed 2176K, reserved 1048576K
}
Event: 12.353 GC heap before
{Heap before GC invocations=43 (full 0):
 PSYoungGen      total 11264K, used 10528K [0x000000076ab00000, 0x000000076b700000, 0x00000007c0000000)
  eden space 10240K, 100% used [0x000000076ab00000,0x000000076b500000,0x000000076b500000)
  from space 1024K, 28% used [0x000000076b600000,0x000000076b648000,0x000000076b700000)
  to   space 1024K, 0% used [0x000000076b500000,0x000000076b500000,0x000000076b600000)
 ParOldGen       total 260608K, used 5990K [0x00000006c0000000, 0x00000006cfe80000, 0x000000076ab00000)
  object space 260608K, 2% used [0x00000006c0000000,0x00000006c05d9b60,0x00000006cfe80000)
 Metaspace       used 16135K, capacity 16450K, committed 16640K, reserved 1062912K
  class space    used 2086K, capacity 2204K, committed 2304K, reserved 1048576K
Event: 12.355 GC heap after
Heap after GC invocations=43 (full 0):
 PSYoungGen      total 11264K, used 480K [0x000000076ab00000, 0x000000076b700000, 0x00000007c0000000)
  eden space 10240K, 0% used [0x000000076ab00000,0x000000076ab00000,0x000000076b500000)
  from space 1024K, 46% used [0x000000076b500000,0x000000076b578000,0x000000076b600000)
  to   space 1024K, 0% used [0x000000076b600000,0x000000076b600000,0x000000076b700000)
 ParOldGen       total 260608K, used 7210K [0x00000006c0000000, 0x00000006cfe80000, 0x000000076ab00000)
  object space 260608K, 2% used [0x00000006c0000000,0x00000006c070aaf0,0x00000006cfe80000)
 Metaspace       used 16135K, capacity 16450K, committed 16640K, reserved 1062912K
  class space    used 2086K, capacity 2204K, committed 2304K, reserved 1048576K
}
Event: 12.547 GC heap before
{Heap before GC invocations=44 (full 0):
 PSYoungGen      total 11264K, used 10720K [0x000000076ab00000, 0x000000076b700000, 0x00000007c0000000)
  eden space 10240K, 100% used [0x000000076ab00000,0x000000076b500000,0x000000076b500000)
  from space 1024K, 46% used [0x000000076b500000,0x000000076b578000,0x000000076b600000)
  to   space 1024K, 0% used [0x000000076b600000,0x000000076b600000,0x000000076b700000)
 ParOldGen       total 260608K, used 7210K [0x00000006c0000000, 0x00000006cfe80000, 0x000000076ab00000)
  object space 260608K, 2% used [0x00000006c0000000,0x00000006c070aaf0,0x00000006cfe80000)
 Metaspace       used 16138K, capacity 16450K, committed 16640K, reserved 1062912K
  class space    used 2086K, capacity 2204K, committed 2304K, reserved 1048576K
Event: 12.549 GC heap after
Heap after GC invocations=44 (full 0):
 PSYoungGen      total 11264K, used 128K [0x000000076ab00000, 0x000000076b700000, 0x00000007c0000000)
  eden space 10240K, 0% used [0x000000076ab00000,0x000000076ab00000,0x000000076b500000)
  from space 1024K, 12% used [0x000000076b600000,0x000000076b620000,0x000000076b700000)
  to   space 1024K, 0% used [0x000000076b500000,0x000000076b500000,0x000000076b600000)
 ParOldGen       total 260608K, used 7514K [0x00000006c0000000, 0x00000006cfe80000, 0x000000076ab00000)
  object space 260608K, 2% used [0x00000006c0000000,0x00000006c0756af0,0x00000006cfe80000)
 Metaspace       used 16138K, capacity 16450K, committed 16640K, reserved 1062912K
  class space    used 2086K, capacity 2204K, committed 2304K, reserved 1048576K
}

